mode: set
github.com/anaabdi/warga-app-go/cmd/app/conn/database.go:22.18,24.2 1 0
github.com/anaabdi/warga-app-go/cmd/app/conn/database.go:26.29,29.2 1 0
github.com/anaabdi/warga-app-go/cmd/app/conn/database.go:31.28,34.2 1 0
github.com/anaabdi/warga-app-go/cmd/app/conn/database.go:36.94,39.2 1 0
github.com/anaabdi/warga-app-go/cmd/app/app.go:22.41,26.2 1 0
github.com/anaabdi/warga-app-go/cmd/app/app.go:28.48,30.45 1 0
github.com/anaabdi/warga-app-go/cmd/app/app.go:30.45,32.3 1 0
github.com/anaabdi/warga-app-go/cmd/app/app.go:35.2,36.16 2 0
github.com/anaabdi/warga-app-go/cmd/app/app.go:36.16,38.3 1 0
github.com/anaabdi/warga-app-go/cmd/app/app.go:40.2,40.12 1 0
github.com/anaabdi/warga-app-go/cmd/app/app.go:40.12,43.3 2 0
github.com/anaabdi/warga-app-go/cmd/app/app.go:45.2,47.36 2 0
github.com/anaabdi/warga-app-go/cmd/app/app.go:50.73,59.16 3 0
github.com/anaabdi/warga-app-go/cmd/app/app.go:59.16,61.3 1 0
github.com/anaabdi/warga-app-go/cmd/app/app.go:63.2,67.8 1 0
github.com/anaabdi/warga-app-go/cmd/app/app.go:70.56,79.23 4 0
github.com/anaabdi/warga-app-go/cmd/app/app.go:79.23,81.41 2 0
github.com/anaabdi/warga-app-go/cmd/app/app.go:81.41,83.4 1 0
github.com/anaabdi/warga-app-go/cmd/app/app.go:85.3,88.42 3 0
github.com/anaabdi/warga-app-go/cmd/app/app.go:88.42,90.4 1 0
github.com/anaabdi/warga-app-go/cmd/app/app.go:92.3,93.15 2 0
github.com/anaabdi/warga-app-go/cmd/app/app.go:93.15,96.4 2 0
github.com/anaabdi/warga-app-go/cmd/app/app.go:98.3,99.61 2 0
github.com/anaabdi/warga-app-go/cmd/app/app.go:102.2,102.12 1 0
github.com/anaabdi/warga-app-go/cmd/app/handler/handler.go:11.75,14.67 2 0
github.com/anaabdi/warga-app-go/cmd/app/handler/handler.go:14.67,16.3 1 0
github.com/anaabdi/warga-app-go/cmd/app/handler/handler.go:18.2,25.20 2 0
github.com/anaabdi/warga-app-go/api/v1/api.gen.go:37.72,39.2 1 0
github.com/anaabdi/warga-app-go/api/v1/api.gen.go:51.84,53.88 1 0
github.com/anaabdi/warga-app-go/api/v1/api.gen.go:53.88,55.3 1 0
github.com/anaabdi/warga-app-go/api/v1/api.gen.go:57.2,57.52 1 0
github.com/anaabdi/warga-app-go/api/v1/api.gen.go:57.52,59.3 1 0
github.com/anaabdi/warga-app-go/api/v1/api.gen.go:61.2,61.25 1 0
github.com/anaabdi/warga-app-go/api/v1/api.gen.go:69.52,71.2 1 0
github.com/anaabdi/warga-app-go/api/v1/api.gen.go:73.52,75.2 1 0
github.com/anaabdi/warga-app-go/api/v1/api.gen.go:82.49,84.2 1 0
github.com/anaabdi/warga-app-go/api/v1/api.gen.go:86.49,88.2 1 0
github.com/anaabdi/warga-app-go/api/v1/api.gen.go:94.45,96.2 1 0
github.com/anaabdi/warga-app-go/api/v1/api.gen.go:103.46,105.2 1 0
github.com/anaabdi/warga-app-go/api/v1/api.gen.go:107.46,109.2 1 0
github.com/anaabdi/warga-app-go/api/v1/api.gen.go:116.50,118.2 1 0
github.com/anaabdi/warga-app-go/api/v1/api.gen.go:120.50,122.2 1 0
github.com/anaabdi/warga-app-go/api/v1/api.gen.go:129.53,131.2 1 0
github.com/anaabdi/warga-app-go/api/v1/api.gen.go:134.47,136.2 1 0
github.com/anaabdi/warga-app-go/api/v1/api.gen.go:146.68,150.2 1 0
github.com/anaabdi/warga-app-go/api/v1/api.gen.go:152.95,157.2 1 0
github.com/anaabdi/warga-app-go/api/v1/api.gen.go:160.84,163.14 2 0
github.com/anaabdi/warga-app-go/api/v1/api.gen.go:163.14,165.3 1 0
github.com/anaabdi/warga-app-go/api/v1/api.gen.go:166.2,166.37 1 0
github.com/anaabdi/warga-app-go/api/v1/api.gen.go:166.37,167.86 1 0
github.com/anaabdi/warga-app-go/api/v1/api.gen.go:167.86,169.4 1 0
github.com/anaabdi/warga-app-go/api/v1/api.gen.go:171.2,177.29 2 0
github.com/anaabdi/warga-app-go/api/v1/api.gen.go:177.29,179.3 1 0
github.com/anaabdi/warga-app-go/api/v1/api.gen.go:181.2,181.10 1 0
github.com/anaabdi/warga-app-go/api/v1/api.gen.go:196.35,198.16 2 0
github.com/anaabdi/warga-app-go/api/v1/api.gen.go:198.16,200.3 1 0
github.com/anaabdi/warga-app-go/api/v1/api.gen.go:201.2,202.16 2 0
github.com/anaabdi/warga-app-go/api/v1/api.gen.go:202.16,204.3 1 0
github.com/anaabdi/warga-app-go/api/v1/api.gen.go:205.2,207.16 3 0
github.com/anaabdi/warga-app-go/api/v1/api.gen.go:207.16,209.3 1 0
github.com/anaabdi/warga-app-go/api/v1/api.gen.go:211.2,211.25 1 0
github.com/anaabdi/warga-app-go/api/v1/api.gen.go:217.48,219.32 2 0
github.com/anaabdi/warga-app-go/api/v1/api.gen.go:219.32,221.3 1 0
github.com/anaabdi/warga-app-go/api/v1/api.gen.go:225.73,227.25 2 0
github.com/anaabdi/warga-app-go/api/v1/api.gen.go:227.25,229.3 1 0
github.com/anaabdi/warga-app-go/api/v1/api.gen.go:231.2,231.12 1 0
github.com/anaabdi/warga-app-go/api/v1/api.gen.go:239.52,244.87 4 0
github.com/anaabdi/warga-app-go/api/v1/api.gen.go:244.87,248.10 4 0
github.com/anaabdi/warga-app-go/api/v1/api.gen.go:248.10,251.4 2 0
github.com/anaabdi/warga-app-go/api/v1/api.gen.go:252.3,252.19 1 0
github.com/anaabdi/warga-app-go/api/v1/api.gen.go:254.2,256.16 3 0
github.com/anaabdi/warga-app-go/api/v1/api.gen.go:256.16,258.3 1 0
github.com/anaabdi/warga-app-go/api/v1/api.gen.go:259.2,260.16 2 0
github.com/anaabdi/warga-app-go/api/v1/api.gen.go:260.16,262.3 1 0
github.com/anaabdi/warga-app-go/api/v1/api.gen.go:263.2,263.8 1 0
github.com/anaabdi/warga-app-go/pkg/db/migration/migrate.go:24.60,28.27 3 0
github.com/anaabdi/warga-app-go/pkg/db/migration/migrate.go:28.27,31.3 2 0
github.com/anaabdi/warga-app-go/pkg/db/migration/migrate.go:31.8,34.3 2 0
github.com/anaabdi/warga-app-go/pkg/db/migration/migrate.go:37.65,44.19 2 0
github.com/anaabdi/warga-app-go/pkg/db/migration/migrate.go:44.19,46.17 2 0
github.com/anaabdi/warga-app-go/pkg/db/migration/migrate.go:46.17,47.9 1 0
github.com/anaabdi/warga-app-go/pkg/db/migration/migrate.go:49.3,51.13 3 0
github.com/anaabdi/warga-app-go/pkg/db/migration/migrate.go:54.2,54.16 1 0
github.com/anaabdi/warga-app-go/pkg/db/migration/migrate.go:54.16,56.3 1 0
github.com/anaabdi/warga-app-go/pkg/db/migration/migrate.go:58.2,58.27 1 0
github.com/anaabdi/warga-app-go/pkg/db/migration/migrate.go:58.27,60.3 1 0
github.com/anaabdi/warga-app-go/pkg/db/migration/migrate.go:60.8,62.3 1 0
github.com/anaabdi/warga-app-go/pkg/db/migration/migrate.go:63.2,63.33 1 0
github.com/anaabdi/warga-app-go/pkg/db/migration/migrate.go:63.33,65.3 1 0
github.com/anaabdi/warga-app-go/pkg/db/migration/migrate.go:66.2,66.56 1 0
github.com/anaabdi/warga-app-go/pkg/db/migration/migrate.go:66.56,68.3 1 0
github.com/anaabdi/warga-app-go/pkg/db/migration/migrate.go:70.2,70.41 1 0
github.com/anaabdi/warga-app-go/pkg/db/migration/migrate.go:70.41,73.3 2 0
github.com/anaabdi/warga-app-go/pkg/db/migration/migrate.go:75.2,75.47 1 0
github.com/anaabdi/warga-app-go/pkg/db/migration/migrate.go:78.46,80.16 2 0
github.com/anaabdi/warga-app-go/pkg/db/migration/migrate.go:80.16,82.3 1 0
github.com/anaabdi/warga-app-go/pkg/db/migration/migrate.go:84.2,86.45 2 0
github.com/anaabdi/warga-app-go/cmd/app/config/types.go:15.26,21.16 5 0
github.com/anaabdi/warga-app-go/cmd/app/config/types.go:21.16,23.3 1 0
github.com/anaabdi/warga-app-go/cmd/app/config/types.go:25.2,30.3 1 0
github.com/anaabdi/warga-app-go/cmd/server/main.go:14.13,28.39 5 0
github.com/anaabdi/warga-app-go/cmd/server/main.go:28.39,29.13 1 0
github.com/anaabdi/warga-app-go/cmd/server/main.go:32.2,32.38 1 0
github.com/anaabdi/warga-app-go/internal/api/ping.go:5.70,8.2 2 0
github.com/anaabdi/warga-app-go/internal/api/types.go:9.55,13.2 1 0
github.com/anaabdi/warga-app-go/pkg/s3/types.go:34.78,39.50 3 0
github.com/anaabdi/warga-app-go/pkg/s3/types.go:39.50,41.3 1 0
github.com/anaabdi/warga-app-go/pkg/s3/types.go:43.2,43.28 1 0
github.com/anaabdi/warga-app-go/pkg/s3/types.go:43.28,49.3 2 0
github.com/anaabdi/warga-app-go/pkg/s3/types.go:51.2,51.23 1 0
github.com/anaabdi/warga-app-go/pkg/s3/types.go:51.23,53.3 1 0
github.com/anaabdi/warga-app-go/pkg/s3/types.go:55.2,56.16 2 0
github.com/anaabdi/warga-app-go/pkg/s3/types.go:56.16,58.3 1 0
github.com/anaabdi/warga-app-go/pkg/s3/types.go:60.2,60.23 1 0
github.com/anaabdi/warga-app-go/pkg/s3/types.go:60.23,62.3 1 0
github.com/anaabdi/warga-app-go/pkg/s3/types.go:64.2,70.8 2 0
github.com/anaabdi/warga-app-go/pkg/s3/types.go:79.84,84.2 1 0
github.com/anaabdi/warga-app-go/pkg/s3/types.go:90.120,92.16 2 0
github.com/anaabdi/warga-app-go/pkg/s3/types.go:92.16,94.3 1 0
github.com/anaabdi/warga-app-go/pkg/s3/types.go:96.2,100.8 2 0
